<?xml version="1.0" encoding="UTF-8"?>
<!-- Generated by org.testng.reporters.JUnitXMLReporter -->
<testsuite hostname="0B4B52FD54E81" name="Default test" tests="2" failures="0" timestamp="5 Aug 2013 12:04:33 GMT" time="0.531" errors="0">
  <testcase name="src\test\resources\com\talios\someothertest.feature" time="0.484" classname="com.talios.cucumberng.CucumberTestImpl">
    <skipped/>
  </testcase> <!-- src\test\resources\com\talios\someothertest.feature -->
  <testcase name="src\test\resources\com\talios\sometest.feature" time="0.047" classname="com.talios.cucumberng.CucumberTestImpl">
    <skipped/>
  </testcase> <!-- src\test\resources\com\talios\sometest.feature -->
</testsuite> <!-- Default test -->
